<?xml version="1.0" encoding="UTF-8"?>
<!-- Generated by org.testng.reporters.JUnitReportReporter -->
<testsuite name="com.course.cases.UpdateUserInfoTest" tests="2" time="20.481" ignored="0" failures="0" timestamp="14 五月 2019 03:04:27 GMT" skipped="0" hostname="Ze" errors="0">
  <testcase name="deleteUserInfo" time="10.356" classname="com.course.cases.UpdateUserInfoTest"/>
  <testcase name="updateUserInfo" time="10.125" classname="com.course.cases.UpdateUserInfoTest"/>
</testsuite> <!-- com.course.cases.UpdateUserInfoTest -->
